<?xml version="1.0" encoding="UTF-8"?>
<!-- Generated by org.testng.reporters.JUnitReportReporter -->
<testsuite skipped="0" hostname="MukeshKiwi" name="com.flipkart.Scenario1.IndexSc1" tests="1" failures="0" timestamp="05 May 2020 11:57:54 GMT" time="92.260" errors="0">
  <testcase name="searchMobileFilter" time="92.260" classname="com.flipkart.Scenario1.IndexSc1"/>
</testsuite> <!-- com.flipkart.Scenario1.IndexSc1 -->
