<?xml version="1.0" encoding="UTF-8"?>
<!-- Generated by org.testng.reporters.JUnitReportReporter -->
<testsuite skipped="0" hostname="DESKTOP-V4E3MOQ" name="com.Demo.PASS.CreateInvoice.CreateInvoicetIndex" tests="1" failures="0" timestamp="03 Jan 2020 12:55:39 GMT" time="30.189" errors="0">
  <testcase name="createInvoiceValidation" time="30.189" classname="com.Demo.PASS.CreateInvoice.CreateInvoicetIndex"/>
</testsuite> <!-- com.Demo.PASS.CreateInvoice.CreateInvoicetIndex -->
